# JRE version: OpenJDK Runtime Environment (21.0.7+6) (build 21.0.7+6)
# Java VM: OpenJDK 64-Bit Server VM (21.0.7+6, mixed mode, sharing, tiered, compressed oops, compressed class ptrs, g1 gc, linux-amd64)
GC Precious Log:
 CardTable entry size: 512
 Card Set container configuration: InlinePtr #cards 4 size 8 Array Of Cards #cards 16 size 48 Howl #buckets 8 coarsen threshold 3686 Howl Bitmap #cards 512 size 80 coarsen threshold 460 Card regions per heap region 1 cards per card region 4096
 CPUs: 12 total, 12 available
 Memory: 15913M
 Large Page Support: Disabled
 NUMA Support: Disabled
 Compressed Oops: Enabled (Zero based)
 Heap Region Size: 2M
 Heap Min Capacity: 8M
 Heap Initial Capacity: 250M
 Heap Max Capacity: 3980M
 Pre-touch: Disabled
 Parallel Workers: 10
 Concurrent Workers: 3
 Concurrent Refinement Workers: 10
 Periodic GC: Disabled
Heap:
 garbage-first heap   total 780288K, used 512789K [0x0000000707400000, 0x0000000800000000)
  region size 2048K, 214 young (438272K), 13 survivors (26624K)
 Metaspace       used 17571K, committed 17792K, reserved 1114112K
  class space    used 1881K, committed 1984K, reserved 1048576K
GC Heap History (20 events):
Event: 19,603 GC heap before
{Heap before GC invocations=33 (full 0):
 garbage-first heap   total 649216K, used 415075K [0x0000000707400000, 0x0000000800000000)
  region size 2048K, 190 young (389120K), 12 survivors (24576K)
 Metaspace       used 16466K, committed 16704K, reserved 1114112K
  class space    used 1745K, committed 1856K, reserved 1048576K
}
Event: 19,625 GC heap after
{Heap after GC invocations=34 (full 0):
 garbage-first heap   total 649216K, used 51678K [0x0000000707400000, 0x0000000800000000)
  region size 2048K, 12 young (24576K), 12 survivors (24576K)
 Metaspace       used 16466K, committed 16704K, reserved 1114112K
  class space    used 1745K, committed 1856K, reserved 1048576K
}
Event: 20,394 GC heap before
{Heap before GC invocations=34 (full 0):
 garbage-first heap   total 649216K, used 416222K [0x0000000707400000, 0x0000000800000000)
  region size 2048K, 190 young (389120K), 12 survivors (24576K)
 Metaspace       used 16466K, committed 16704K, reserved 1114112K
  class space    used 1745K, committed 1856K, reserved 1048576K
}
Event: 20,416 GC heap after
{Heap after GC invocations=35 (full 0):
 garbage-first heap   total 780288K, used 52975K [0x0000000707400000, 0x0000000800000000)
  region size 2048K, 12 young (24576K), 12 survivors (24576K)
 Metaspace       used 16466K, committed 16704K, reserved 1114112K
  class space    used 1745K, committed 1856K, reserved 1048576K
}
Event: 21,366 GC heap before
{Heap before GC invocations=35 (full 0):
 garbage-first heap   total 780288K, used 495343K [0x0000000707400000, 0x0000000800000000)
  region size 2048K, 228 young (466944K), 12 survivors (24576K)
 Metaspace       used 16466K, committed 16704K, reserved 1114112K
  class space    used 1745K, committed 1856K, reserved 1048576K
}
Event: 21,389 GC heap after
{Heap after GC invocations=36 (full 0):
 garbage-first heap   total 780288K, used 56275K [0x0000000707400000, 0x0000000800000000)
  region size 2048K, 13 young (26624K), 13 survivors (26624K)
 Metaspace       used 16466K, committed 16704K, reserved 1114112K
  class space    used 1745K, committed 1856K, reserved 1048576K
}
Event: 22,334 GC heap before
{Heap before GC invocations=36 (full 0):
 garbage-first heap   total 780288K, used 506835K [0x0000000707400000, 0x0000000800000000)
  region size 2048K, 228 young (466944K), 13 survivors (26624K)
 Metaspace       used 16466K, committed 16704K, reserved 1114112K
  class space    used 1745K, committed 1856K, reserved 1048576K
}
Event: 22,360 GC heap after
{Heap after GC invocations=37 (full 0):
 garbage-first heap   total 780288K, used 65841K [0x0000000707400000, 0x0000000800000000)
  region size 2048K, 12 young (24576K), 12 survivors (24576K)
 Metaspace       used 16466K, committed 16704K, reserved 1114112K
  class space    used 1745K, committed 1856K, reserved 1048576K
}
Event: 23,326 GC heap before
{Heap before GC invocations=37 (full 0):
 garbage-first heap   total 780288K, used 508209K [0x0000000707400000, 0x0000000800000000)
  region size 2048K, 228 young (466944K), 12 survivors (24576K)
 Metaspace       used 16466K, committed 16704K, reserved 1114112K
  class space    used 1745K, committed 1856K, reserved 1048576K
}
Event: 23,352 GC heap after
{Heap after GC invocations=38 (full 0):
 garbage-first heap   total 780288K, used 67194K [0x0000000707400000, 0x0000000800000000)
  region size 2048K, 12 young (24576K), 12 survivors (24576K)
 Metaspace       used 16466K, committed 16704K, reserved 1114112K
  class space    used 1745K, committed 1856K, reserved 1048576K
}
Event: 24,293 GC heap before
{Heap before GC invocations=38 (full 0):
 garbage-first heap   total 780288K, used 509562K [0x0000000707400000, 0x0000000800000000)
  region size 2048K, 228 young (466944K), 12 survivors (24576K)
 Metaspace       used 16466K, committed 16704K, reserved 1114112K
  class space    used 1745K, committed 1856K, reserved 1048576K
}
Event: 24,320 GC heap after
{Heap after GC invocations=39 (full 0):
 garbage-first heap   total 780288K, used 68508K [0x0000000707400000, 0x0000000800000000)
  region size 2048K, 12 young (24576K), 12 survivors (24576K)
 Metaspace       used 16466K, committed 16704K, reserved 1114112K
  class space    used 1745K, committed 1856K, reserved 1048576K
}
Event: 25,265 GC heap before
{Heap before GC invocations=39 (full 0):
 garbage-first heap   total 780288K, used 510876K [0x0000000707400000, 0x0000000800000000)
  region size 2048K, 228 young (466944K), 12 survivors (24576K)
 Metaspace       used 16466K, committed 16704K, reserved 1114112K
  class space    used 1745K, committed 1856K, reserved 1048576K
}
Event: 25,293 GC heap after
{Heap after GC invocations=40 (full 0):
 garbage-first heap   total 780288K, used 71145K [0x0000000707400000, 0x0000000800000000)
  region size 2048K, 13 young (26624K), 13 survivors (26624K)
 Metaspace       used 16466K, committed 16704K, reserved 1114112K
  class space    used 1745K, committed 1856K, reserved 1048576K
}
Event: 26,226 GC heap before
{Heap before GC invocations=40 (full 0):
 garbage-first heap   total 780288K, used 511465K [0x0000000707400000, 0x0000000800000000)
  region size 2048K, 228 young (466944K), 13 survivors (26624K)
 Metaspace       used 16466K, committed 16704K, reserved 1114112K
  class space    used 1745K, committed 1856K, reserved 1048576K
}
Event: 26,254 GC heap after
{Heap after GC invocations=41 (full 0):
 garbage-first heap   total 780288K, used 72740K [0x0000000707400000, 0x0000000800000000)
  region size 2048K, 13 young (26624K), 13 survivors (26624K)
 Metaspace       used 16466K, committed 16704K, reserved 1114112K
  class space    used 1745K, committed 1856K, reserved 1048576K
}
Event: 27,183 GC heap before
{Heap before GC invocations=41 (full 0):
 garbage-first heap   total 780288K, used 513060K [0x0000000707400000, 0x0000000800000000)
  region size 2048K, 228 young (466944K), 13 survivors (26624K)
 Metaspace       used 16466K, committed 16704K, reserved 1114112K
  class space    used 1745K, committed 1856K, reserved 1048576K
}
Event: 27,212 GC heap after
{Heap after GC invocations=42 (full 0):
 garbage-first heap   total 780288K, used 74726K [0x0000000707400000, 0x0000000800000000)
  region size 2048K, 13 young (26624K), 13 survivors (26624K)
 Metaspace       used 16466K, committed 16704K, reserved 1114112K
  class space    used 1745K, committed 1856K, reserved 1048576K
}
Event: 28,138 GC heap before
{Heap before GC invocations=42 (full 0):
 garbage-first heap   total 780288K, used 515046K [0x0000000707400000, 0x0000000800000000)
  region size 2048K, 228 young (466944K), 13 survivors (26624K)
 Metaspace       used 16466K, committed 16704K, reserved 1114112K
  class space    used 1745K, committed 1856K, reserved 1048576K
}
Event: 28,167 GC heap after
{Heap after GC invocations=43 (full 0):
 garbage-first heap   total 780288K, used 76565K [0x0000000707400000, 0x0000000800000000)
  region size 2048K, 13 young (26624K), 13 survivors (26624K)
 Metaspace       used 16466K, committed 16704K, reserved 1114112K
  class space    used 1745K, committed 1856K, reserved 1048576K
}

